#
# A fatal error has been detected by the Java Runtime Environment:
#
#  SIGBUS (0x7) at pc=0x00007f7ba8aa1f56, pid=24592, tid=0x00007f7ba8c90700
#
# JRE version: Java(TM) SE Runtime Environment (8.0_151-b12) (build 1.8.0_151-b12)
# Java VM: Java HotSpot(TM) 64-Bit Server VM (25.151-b12 mixed mode linux-amd64 compressed oops)
# Problematic frame:
# C  [ld-linux-x86-64.so.2+0x9f56]
#
# Failed to write core dump. Core dumps have been disabled. To enable core dumping, try "ulimit -c unlimited" before starting Java again
#
# If you would like to submit a bug report, please visit:
#   http://bugreport.java.com/bugreport/crash.jsp
# The crash happened outside the Java Virtual Machine in native code.
# See problematic frame for where to report the bug.
#

---------------  T H R E A D  ---------------

Current thread (0x00007f7ba000c000):  JavaThread "main" [_thread_in_native, id=24593, stack(0x00007f7ba8b90000,0x00007f7ba8c91000)]

siginfo: si_signo: 7 (SIGBUS), si_code: 2 (BUS_ADRERR), si_addr: 0x00007f7b827ebb00

Registers:
RAX=0x00007f7b827ebaf8, RBX=0x00007f7ba02f2a30, RCX=0x0000000000000000, RDX=0x00000000000003f2
RSP=0x00007f7ba8c8e930, RBP=0x0000000000000000, RSI=0x00000000313629f2, RDI=0x00007f7ba0aabda0
R8 =0x00007f7ba8c8ea90, R9 =0x00007f7ba02f2ce8, R10=0x00007f7ba8cbe040, R11=0x0000000000000001
R12=0x0000000000000005, R13=0x0000000000000000, R14=0x00007f7ba02f2f20, R15=0x0000000000000000
RIP=0x00007f7ba8aa1f56, EFLAGS=0x0000000000010202, CSGSFS=0x0000000000000033, ERR=0x0000000000000004
  TRAPNO=0x000000000000000e

Top of Stack: (sp=0x00007f7ba8c8e930)
0x00007f7ba8c8e930:   00007f7ba8c8f070 00007f7ba0aabda0
0x00007f7ba8c8e940:   0000000000000000 00007f7ba8c8e9b8
0x00007f7ba8c8e950:   00000000313629f2 0000000000c4d8a7
0x00007f7ba8c8e960:   00007f7b00000032 00007f7ba8c8ea90
0x00007f7ba8c8e970:   00007f7ba8c8e9a0 00007f7ba8c8f2c0
0x00007f7ba8c8e980:   00007f7ba8c8e9b4 00007f7ba8c8ea80
0x00007f7ba8c8e990:   00007f7ba03d1e0c 00007f7ba8c8f286
0x00007f7ba8c8e9a0:   00007f7ba8c8f260 00007f7ba79d508b
0x00007f7ba8c8e9b0:   00000000a8c8e9f0 0000000000000000
0x00007f7ba8c8e9c0:   0000000000002090 00007f7ba02f2db8
0x00007f7ba8c8e9d0:   00007f7ba8c8eb20 0000000000000000
0x00007f7ba8c8e9e0:   0000000000000000 00007f7ba02f2a30
0x00007f7ba8c8e9f0:   00007f7ba8c8eb68 00007f7ba8aa2b1f
0x00007f7ba8c8ea00:   0000000000000000 0000000000000000
0x00007f7ba8c8ea10:   0000000000000002 0000000000000000
0x00007f7ba8c8ea20:   0000000000000000 00007f7ba02f2a30
0x00007f7ba8c8ea30:   00007f7ba8c8ea70 53c09578a8c8ea70
0x00007f7ba8c8ea40:   00007f7ba8c8ea60 0000000000000000
0x00007f7ba8c8ea50:   00007f7ba02f2db8 00007f7ba8c8ea90
0x00007f7ba8c8ea60:   00000000a8c8eaf0 00007f7ba8c8ea80
0x00007f7ba8c8ea70:   00000000313629f2 00007f7ba0aabda0
0x00007f7ba8c8ea80:   00000000ffffffff 00007f7b00000000
0x00007f7ba8c8ea90:   0000000000000000 0000000000000000
0x00007f7ba8c8eaa0:   00007f7ba8c8ec80 00007f7b910227ff
0x00007f7ba8c8eab0:   00007f7b910055d0 00007f7b00000000
0x00007f7ba8c8eac0:   00007f7ba8c8ecc0 00007f7ba8c8ec80
0x00007f7ba8c8ead0:   000000003c622b9a 00000007c00bc730
0x00007f7ba8c8eae0:   000000076d5b3320 00000007c00669d0
0x00007f7ba8c8eaf0:   00007f7ba8c8eb60 00007f7ba0aabda0
0x00007f7ba8c8eb00:   00000000009ef150 00007f7ba8cbdca0
0x00007f7ba8c8eb10:   0000000000000000 00007f7ba02f2a30
0x00007f7ba8c8eb20:   00007f7ba8c8ebe0 00007f7ba81da8b3 

Instructions: (pc=0x00007f7ba8aa1f56)
0x00007f7ba8aa1f36:   84 b5 00 00 00 48 8b 43 70 c7 84 24 84 00 00 00
0x00007f7ba8aa1f46:   00 00 00 00 48 c7 84 24 88 00 00 00 00 00 00 00
0x00007f7ba8aa1f56:   48 8b 40 08 48 89 44 24 48 48 8b 43 68 48 8b 40
0x00007f7ba8aa1f66:   08 48 89 44 24 40 48 8b 83 f8 02 00 00 48 85 c0 

Register to memory mapping:

RAX=