#
# A fatal error has been detected by the Java Runtime Environment:
#
#  EXCEPTION_ACCESS_VIOLATION (0xc0000005) at pc=0x5d33ed69, pid=10124, tid=0x0000260c
#
# JRE version: Java(TM) SE Runtime Environment (8.0_171-b11) (build 1.8.0_171-b11)
# Java VM: Java HotSpot(TM) Client VM (25.171-b11 mixed mode, sharing windows-x86 )
# Problematic frame:
# C  [lwjgl_opengl32.dll+0xed69]
#
# Failed to write core dump. Minidumps are not enabled by default on client versions of Windows
#
# If you would like to submit a bug report, please visit:
#   http://bugreport.java.com/bugreport/crash.jsp
# The crash happened outside the Java Virtual Machine in native code.
# See problematic frame for where to report the bug.
#

---------------  T H R E A D  ---------------

Current thread (0x027fe000):  JavaThread "main" [_thread_in_native, id=9740, stack(0x00f50000,0x00fa0000)]

siginfo: ExceptionCode=0xc0000005, reading address 0x00000898

Registers:
EAX=0x00000000, EBX=0x14b6be08, ECX=0x027fe140, EDX=0x00000000
ESP=0x00f9f6cc, EBP=0x00f9f700, ESI=0x14b6be00, EDI=0x027fe000
EIP=0x5d33ed69, EFLAGS=0x00210287

Top of Stack: (sp=0x00f9f6cc)
0x00f9f6cc:   0280daf1 027fe140 00f9f708 14b6be08
0x00f9f6dc:   0280d8c6 00f9f6e0 14b6be00 00f9f70c
0x00f9f6ec:   14b86c18 00000000 14b6be08 00000000
0x00f9f6fc:   00f9f710 00f9f730 028044f0 04b62188
0x00f9f70c:   0280a1c9 00f9f710 14aa1608 00f9f740
0x00f9f71c:   14aa2018 00000000 14aa17f0 00f9f710
0x00f9f72c:   00f9f73c 00f9f764 02804864 00000000
0x00f9f73c:   04b3a1d0 04cf40b8 00f9f744 14aa106a 

Instructions: (pc=0x5d33ed69)
0x5d33ed49:   74 24 10 8b 00 8b 40 0c 8b 80 94 08 00 00 ff d0
0x5d33ed59:   c2 14 00 cc cc cc cc 8b 44 24 04 8b 00 8b 40 0c
0x5d33ed69:   8b 80 98 08 00 00 ff d0 c2 08 00 cc cc cc cc cc
0x5d33ed79:   cc cc cc cc cc cc cc 8b 44 24 04 ff 74 24 14 ff 


Register to memory mapping:

EAX=0x00000000 is an unknown value
EBX={method} {0x14b6be0c} 'glGetError' '()I' in 'org/lwjgl/opengl/GL11'
ECX=0x027fe140 is an unknown value
EDX=0x00000000 is an unknown value
ESP=0x00f9f6cc is pointing into the stack for thread: 0x027fe000
EBP=0x00f9f700 is pointing into the stack for thread: 0x027fe000
ESI=0x14b6be00 is pointing into metadata
EDI=0x027fe000 is a thread


Stack: [0x00f50000,0x00fa0000],  sp=0x00f9f6cc,  free space=317k
Native frames: (J=compiled Java code, j=interpreted, Vv=VM code, C=native code)
C  [lwjgl_opengl32.dll+0xed69]
j  com.raven.engine2d.graphics2d.GameWindow.printErrors(Ljava/lang/String;)V+0
j  com.raven.engine2d.graphics2d.GameWindow.create()V+50
j  com.raven.engine2d.GameEngine.run()V+62
j  com.raven.engine2d.GameEngine.Launch(Lcom/raven/engine2d/Game;)Lcom/raven/engine2d/GameEngine;+22
j  com.raven.breakingsands.BreakingSandsGame.main([Ljava/lang/String;)V+7
v  ~StubRoutines::call_stub
V  [jvm.dll+0x15b985]
V  [jvm.dll+0x22262e]
V  [jvm.dll+0x15ba1e]
V  [jvm.dll+0xdd3a7]
V  [jvm.dll+0xe593f]
C  [java.exe+0x232a]
C  [java.exe+0xafff]
C  [java.exe+0xb089]
C  [KERNEL32.DLL+0x18484]
C  [ntdll.dll+0x62fea]
C  [ntdll.dll+0x62fba]
C  0x00000000

Java frames: (J=compiled Java code, j=interpreted, Vv=VM code)
j  org.lwjgl.opengl.GL11.glGetError()I+0
j  com.raven.engine2d.graphics2d.GameWindow.printErrors(Ljava/lang/String;)V+0
j  com.raven.engine2d.graphics2d.GameWindow.create()V+50
j  com.raven.engine2d.GameEngine.run()V+62
j  com.raven.engine2d.GameEngine.Launch(Lcom/raven/engine2d/Game;)Lcom/raven/engine2d/GameEngine;+22
j  com.raven.breakingsands.BreakingSandsGame.main([Ljava/lang/String;)V+7
v  ~StubRoutines::call_stub

---------------  P R O C E S S  ---------------

Java Threads: ( => current thread )
  0x1586f000 JavaThread "Service Thread" daemon [_thread_blocked, id=9720, stack(0x15a50000,0x15aa0000)]
  0x15872400 JavaThread "C1 CompilerThread0" daemon [_thread_blocked, id=6680, stack(0x151a0000,0x151f0000)]
  0x15871c00 JavaThread "Monitor Ctrl-Break" daemon [_thread_in_native, id=8872, stack(0x15110000,0x15160000)]
  0x026e0c00 JavaThread "Attach Listener" daemon [_thread_blocked, id=4980, stack(0x15080000,0x150d0000)]
  0x026d8400 JavaThread "Signal Dispatcher" daemon [_thread_blocked, id=4960, stack(0x14ff0000,0x15040000)]
  0x026d6800 JavaThread "Finalizer" daemon [_thread_blocked, id=6076, stack(0x14de0000,0x14e30000)]
  0x02678800 JavaThread "Reference Handler" daemon [_thread_blocked, id=9772, stack(0x14d50000,0x14da0000)]
=>0x027fe000 JavaThread "main" [_thread_in_native, id=9740, stack(0x00f50000,0x00fa0000)]

Other Threads:
  0x02676000 VMThread [stack: 0x14cc0000,0x14d10000] [id=8552]
  0x158dec00 WatcherThread [stack: 0x15ae0000,0x15b30000] [id=2736]

VM state:not at safepoint (normal execution)

VM Mutex/Monitor currently owned by a thread: None

Heap:
 def new generation   total 4928K, used 4722K [0x04800000, 0x04d50000, 0x09d50000)
  eden space 4416K,  95% used [0x04800000, 0x04c1cb80, 0x04c50000)
  from space 512K, 100% used [0x04cd0000, 0x04d50000, 0x04d50000)
  to   space 512K,   0% used [0x04c50000, 0x04c50000, 0x04cd0000)
 tenured generation   total 10944K, used 325K [0x09d50000, 0x0a800000, 0x14800000)
   the space 10944K,   2% used [0x09d50000, 0x09da1400, 0x09da1400, 0x0a800000)
 Metaspace       used 1461K, capacity 3266K, committed 3392K, reserved 4480K

Card table byte_map: [0x02750000,0x027e0000] byte_map_base: 0x0272c000

Polling page: 0x00a90000

CodeCache: size=32768Kb used=1045Kb max_used=1045Kb free=31722Kb
 bounds [0x02800000, 0x02908000, 0x04800000]
 total_blobs=656 nmethods=192 adapters=395
 compilation: enabled

Compilation events (10 events):
Event: 0.414 Thread 0x15872400  187             java.util.jar.Manifest$FastInputStream::readLine (167 bytes)
Event: 0.415 Thread 0x15872400 nmethod 187 0x02902b08 code [0x02902c20, 0x02902e68]
Event: 0.421 Thread 0x15872400  189   !         java.lang.ref.ReferenceQueue::poll (28 bytes)
Event: 0.421 Thread 0x15872400 nmethod 189 0x02904888 code [0x02904990, 0x02904bbc]
Event: 0.421 Thread 0x15872400  190             java.nio.Buffer::position (43 bytes)
Event: 0.421 Thread 0x15872400 nmethod 190 0x02904c88 code [0x02904d90, 0x02904e9c]
Event: 0.424 Thread 0x15872400  191             java.lang.String::indexOf (7 bytes)
Event: 0.424 Thread 0x15872400 nmethod 191 0x02904f08 code [0x02905010, 0x029050dc]
Event: 0.425 Thread 0x15872400  192             java.lang.Character::toLowerCase (6 bytes)
Event: 0.425 Thread 0x15872400 nmethod 192 0x02905208 code [0x02905310, 0x029053b8]

GC Heap History (2 events):
Event: 0.336 GC heap before
{Heap before GC invocations=0 (full 0):
 def new generation   total 4928K, used 4416K [0x04800000, 0x04d50000, 0x09d50000)
  eden space 4416K, 100% used [0x04800000, 0x04c50000, 0x04c50000)
  from space 512K,   0% used [0x04c50000, 0x04c50000, 0x04cd0000)
  to   space 512K,   0% used [0x04cd0000, 0x04cd0000, 0x04d50000)
 tenured generation   total 10944K, used 0K [0x09d50000, 0x0a800000, 0x14800000)
   the space 10944K,   0% used [0x09d50000, 0x09d50000, 0x09d50200, 0x0a800000)
 Metaspace       used 573K, capacity 2548K, committed 2624K, reserved 4480K
Event: 0.338 GC heap after
Heap after GC invocations=1 (full 0):
 def new generation   total 4928K, used 512K [0x04800000, 0x04d50000, 0x09d50000)
  eden space 4416K,   0% used [0x04800000, 0x04800000, 0x04c50000)
  from space 512K, 100% used [0x04cd0000, 0x04d50000, 0x04d50000)
  to   space 512K,   0% used [0x04c50000, 0x04c50000, 0x04cd0000)
 tenured generation   total 10944K, used 325K [0x09d50000, 0x0a800000, 0x14800000)
   the space 10944K,   2% used [0x09d50000, 0x09da1400, 0x09da1400, 0x0a800000)
 Metaspace       used 573K, capacity 2548K, committed 2624K, reserved 4480K
}

Deoptimization events (0 events):
No events

Classes redefined (0 events):
No events

Internal exceptions (10 events):
Event: 0.019 Thread 0x027fe000 Exception <a 'java/lang/NoSuchMethodError': Method sun.misc.Unsafe.prefetchRead(Ljava/lang/Object;J)V name or signature does not match> (0x04807ca0) thrown at [C:\re\workspace\8-2-build-windows-i586-cygwin\jdk8u171\10807\hotspot\src\share\vm\prims\jni.cpp
Event: 0.161 Thread 0x027fe000 Exception <a 'java/security/PrivilegedActionException'> (0x04a99f60) thrown at [C:\re\workspace\8-2-build-windows-i586-cygwin\jdk8u171\10807\hotspot\src\share\vm\prims\jvm.cpp, line 1435]
Event: 0.161 Thread 0x027fe000 Exception <a 'java/security/PrivilegedActionException'> (0x04a9a160) thrown at [C:\re\workspace\8-2-build-windows-i586-cygwin\jdk8u171\10807\hotspot\src\share\vm\prims\jvm.cpp, line 1435]
Event: 0.161 Thread 0x027fe000 Exception <a 'java/security/PrivilegedActionException'> (0x04a9e238) thrown at [C:\re\workspace\8-2-build-windows-i586-cygwin\jdk8u171\10807\hotspot\src\share\vm\prims\jvm.cpp, line 1435]
Event: 0.161 Thread 0x027fe000 Exception <a 'java/security/PrivilegedActionException'> (0x04a9e438) thrown at [C:\re\workspace\8-2-build-windows-i586-cygwin\jdk8u171\10807\hotspot\src\share\vm\prims\jvm.cpp, line 1435]
Event: 0.323 Thread 0x027fe000 Exception <a 'java/lang/NoSuchMethodError': java.lang.Object.lambda$static$0(Ljava/lang/String;)Ljava/lang/Boolean;> (0x04b73c88) thrown at [C:\re\workspace\8-2-build-windows-i586-cygwin\jdk8u171\10807\hotspot\src\share\vm\interpreter\linkResolver.cpp, li
Event: 0.330 Thread 0x027fe000 Exception <a 'java/lang/NoSuchFieldError': method resolution failed> (0x04be7fe8) thrown at [C:\re\workspace\8-2-build-windows-i586-cygwin\jdk8u171\10807\hotspot\src\share\vm\prims\methodHandles.cpp, line 1167]
Event: 0.330 Thread 0x027fe000 Exception <a 'java/lang/NoSuchFieldError': method resolution failed> (0x04bf4a38) thrown at [C:\re\workspace\8-2-build-windows-i586-cygwin\jdk8u171\10807\hotspot\src\share\vm\prims\methodHandles.cpp, line 1167]
Event: 0.425 Thread 0x027fe000 Exception <a 'sun/nio/fs/WindowsException'> (0x04bf5738) thrown at [C:\re\workspace\8-2-build-windows-i586-cygwin\jdk8u171\10807\hotspot\src\share\vm\prims\jni.cpp, line 709]
Event: 0.425 Thread 0x027fe000 Exception <a 'sun/nio/fs/WindowsException'> (0x04bf5d08) thrown at [C:\re\workspace\8-2-build-windows-i586-cygwin\jdk8u171\10807\hotspot\src\share\vm\prims\jni.cpp, line 709]

Events (10 events):
Event: 0.425 loading class java/nio/file/NoSuchFileException
Event: 0.425 loading class java/nio/file/FileSystemException
Event: 0.425 loading class java/nio/file/FileSystemException done
Event: 0.425 loading class java/nio/file/NoSuchFileException done
Event: 0.426 loading class org/lwjgl/opengl/GL$1
Event: 0.426 loading class org/lwjgl/opengl/GL$1 done
Event: 0.426 loading class org/lwjgl/opengl/GL$SharedLibraryGL
Event: 0.426 loading class org/lwjgl/opengl/GL$SharedLibraryGL done
Event: 0.427 loading class org/lwjgl/system/SharedLibrary$Delegate
Event: 0.427 loading class org/lwjgl/system/SharedLibrary$Delegate done


Dynamic libraries:
0x01200000 - 0x01233000 	C:\Program Files (x86)\Java\jdk1.8.0_171\bin\java.exe
0x77be0000 - 0x77d70000 	C:\Windows\SYSTEM32\ntdll.dll
0x771a0000 - 0x77280000 	C:\Windows\System32\KERNEL32.DLL
0x744c0000 - 0x746a4000 	C:\Windows\System32\KERNELBASE.dll
0x6f7e0000 - 0x6f87d000 	C:\Windows\SYSTEM32\apphelp.dll
0x77100000 - 0x77178000 	C:\Windows\System32\ADVAPI32.dll
0x76370000 - 0x7642f000 	C:\Windows\System32\msvcrt.dll
0x74a40000 - 0x74a84000 	C:\Windows\System32\sechost.dll
0x76c20000 - 0x76ce0000 	C:\Windows\System32\RPCRT4.dll
0x744a0000 - 0x744c0000 	C:\Windows\System32\SspiCli.dll
0x74490000 - 0x7449a000 	C:\Windows\System32\CRYPTBASE.dll
0x76430000 - 0x76488000 	C:\Windows\System32\bcryptPrimitives.dll
0x778a0000 - 0x77a2d000 	C:\Windows\System32\USER32.dll
0x76670000 - 0x76687000 	C:\Windows\System32\win32u.dll
0x74a90000 - 0x74ab2000 	C:\Windows\System32\GDI32.dll
0x74ac0000 - 0x74c24000 	C:\Windows\System32\gdi32full.dll
0x74950000 - 0x749cd000 	C:\Windows\System32\msvcp_win.dll
0x76690000 - 0x767ae000 	C:\Windows\System32\ucrtbase.dll
0x73950000 - 0x73b54000 	C:\Windows\WinSxS\x86_microsoft.windows.common-controls_6595b64144ccf1df_6.0.17134.112_none_42ecccf244e44518\COMCTL32.dll
0x74c30000 - 0x74e8c000 	C:\Windows\System32\combase.dll
0x74750000 - 0x74776000 	C:\Windows\System32\IMM32.DLL
0x5d8d0000 - 0x5d98f000 	C:\Program Files (x86)\Java\jdk1.8.0_171\jre\bin\msvcr100.dll
0x5d4f0000 - 0x5d8c1000 	C:\Program Files (x86)\Java\jdk1.8.0_171\jre\bin\client\jvm.dll
0x76ce0000 - 0x76ce6000 	C:\Windows\System32\PSAPI.DLL
0x73860000 - 0x73868000 	C:\Windows\SYSTEM32\WSOCK32.dll
0x749d0000 - 0x74a37000 	C:\Windows\System32\WS2_32.dll
0x70bd0000 - 0x70bf4000 	C:\Windows\SYSTEM32\WINMM.dll
0x73e80000 - 0x73e88000 	C:\Windows\SYSTEM32\VERSION.dll
0x70b10000 - 0x70b33000 	C:\Windows\SYSTEM32\WINMMBASE.dll
0x767b0000 - 0x767e9000 	C:\Windows\System32\cfgmgr32.dll
0x5dc60000 - 0x5dc6c000 	C:\Program Files (x86)\Java\jdk1.8.0_171\jre\bin\verify.dll
0x5dc30000 - 0x5dc52000 	C:\Program Files (x86)\Java\jdk1.8.0_171\jre\bin\java.dll
0x5dc10000 - 0x5dc30000 	C:\Program Files (x86)\Java\jdk1.8.0_171\jre\bin\instrument.dll
0x5dbf0000 - 0x5dc04000 	C:\Program Files (x86)\Java\jdk1.8.0_171\jre\bin\zip.dll
0x74e90000 - 0x761da000 	C:\Windows\System32\SHELL32.dll
0x76e90000 - 0x76f18000 	C:\Windows\System32\shcore.dll
0x77280000 - 0x7783a000 	C:\Windows\System32\windows.storage.dll
0x746b0000 - 0x746f5000 	C:\Windows\System32\shlwapi.dll
0x77a30000 - 0x77a3f000 	C:\Windows\System32\kernel.appcore.dll
0x77a40000 - 0x77a58000 	C:\Windows\System32\profapi.dll
0x761e0000 - 0x76225000 	C:\Windows\System32\powrprof.dll
0x770f0000 - 0x770f8000 	C:\Windows\System32\FLTLIB.DLL
0x5da70000 - 0x5da86000 	C:\Program Files\JetBrains\IntelliJ IDEA Community Edition 2018.1.5\bin\breakgen.dll
0x5d4d0000 - 0x5d4e5000 	C:\Program Files (x86)\Java\jdk1.8.0_171\jre\bin\net.dll
0x70b70000 - 0x70bc6000 	C:\Windows\system32\mswsock.dll
0x74070000 - 0x74083000 	C:\Windows\SYSTEM32\CRYPTSP.dll
0x74040000 - 0x7406f000 	C:\Windows\system32\rsaenh.dll
0x74020000 - 0x74039000 	C:\Windows\SYSTEM32\bcrypt.dll
0x73e50000 - 0x73e71000 	C:\Windows\SYSTEM32\USERENV.dll
0x74180000 - 0x741b0000 	C:\Windows\SYSTEM32\IPHLPAPI.DLL
0x77180000 - 0x77187000 	C:\Windows\System32\NSI.dll
0x65c30000 - 0x65c43000 	C:\Windows\SYSTEM32\dhcpcsvc6.DLL
0x74000000 - 0x74014000 	C:\Windows\SYSTEM32\dhcpcsvc.DLL
0x5d4c0000 - 0x5d4cf000 	C:\Program Files (x86)\Java\jdk1.8.0_171\jre\bin\nio.dll
0x5d480000 - 0x5d4ba000 	C:\Users\Parker\AppData\Local\Temp\steamworks4j\1.7.0\steam_api.dll
0x5d440000 - 0x5d47c000 	C:\Users\Parker\AppData\Local\Temp\steamworks4j\1.7.0\steamworks4j.dll
0x5d3e0000 - 0x5d431000 	C:\Users\Parker\AppData\Local\Temp\lwjglParker\3.1.6-build-14\lwjgl32.dll
0x5d390000 - 0x5d3db000 	C:\Users\Parker\AppData\Local\Temp\lwjglParker\3.1.6-build-14\glfw32.dll
0x73f80000 - 0x73ffc000 	C:\Windows\system32\uxtheme.dll
0x6d150000 - 0x6d189000 	C:\Windows\SYSTEM32\dinput8.dll
0x6cdb0000 - 0x6cdbd000 	C:\Windows\SYSTEM32\xinput1_4.dll
0x6cdc0000 - 0x6cde2000 	C:\Windows\SYSTEM32\DEVOBJ.dll
0x73e90000 - 0x73eb3000 	C:\Windows\SYSTEM32\dwmapi.dll
0x6d0f0000 - 0x6d14a000 	C:\Windows\SYSTEM32\inputhost.dll
0x6ce00000 - 0x6ce8b000 	C:\Windows\SYSTEM32\CoreMessaging.dll
0x70120000 - 0x701f6000 	C:\Windows\SYSTEM32\wintypes.dll
0x6ce90000 - 0x6d0ed000 	C:\Windows\SYSTEM32\CoreUIComponents.dll
0x73830000 - 0x73859000 	C:\Windows\SYSTEM32\ntmarta.dll
0x76490000 - 0x765d4000 	C:\Windows\System32\MSCTF.dll
0x76f40000 - 0x76fd6000 	C:\Windows\System32\OLEAUT32.dll
0x6cdf0000 - 0x6cdfa000 	C:\Windows\SYSTEM32\HID.DLL
0x767f0000 - 0x76c1b000 	C:\Windows\System32\SETUPAPI.DLL
0x74700000 - 0x74747000 	C:\Windows\System32\WINTRUST.dll
0x77190000 - 0x7719e000 	C:\Windows\System32\MSASN1.dll
0x76cf0000 - 0x76e86000 	C:\Windows\System32\CRYPT32.dll
0x5d330000 - 0x5d38b000 	C:\Users\Parker\AppData\Local\Temp\lwjglParker\3.1.6-build-14\lwjgl_opengl32.dll
0x6d650000 - 0x6d729000 	C:\Windows\SYSTEM32\opengl32.dll
0x6d190000 - 0x6d1cf000 	C:\Windows\SYSTEM32\GLU32.dll
0x736a0000 - 0x73822000 	C:\Windows\SYSTEM32\dbghelp.dll

VM Arguments:
jvm_args: -javaagent:C:\Program Files\JetBrains\IntelliJ IDEA Community Edition 2018.1.5\lib\idea_rt.jar=50003:C:\Program Files\JetBrains\IntelliJ IDEA Community Edition 2018.1.5\bin -Dfile.encoding=UTF-8 
java_command: com.raven.breakingsands.BreakingSandsGame
java_class_path (initial): C:\Program Files (x86)\Java\jdk1.8.0_171\jre\lib\charsets.jar;C:\Program Files (x86)\Java\jdk1.8.0_171\jre\lib\deploy.jar;C:\Program Files (x86)\Java\jdk1.8.0_171\jre\lib\ext\access-bridge-32.jar;C:\Program Files (x86)\Java\jdk1.8.0_171\jre\lib\ext\cldrdata.jar;C:\Program Files (x86)\Java\jdk1.8.0_171\jre\lib\ext\dnsns.jar;C:\Program Files (x86)\Java\jdk1.8.0_171\jre\lib\ext\jaccess.jar;C:\Program Files (x86)\Java\jdk1.8.0_171\jre\lib\ext\jfxrt.jar;C:\Program Files (x86)\Java\jdk1.8.0_171\jre\lib\ext\localedata.jar;C:\Program Files (x86)\Java\jdk1.8.0_171\jre\lib\ext\nashorn.jar;C:\Program Files (x86)\Java\jdk1.8.0_171\jre\lib\ext\sunec.jar;C:\Program Files (x86)\Java\jdk1.8.0_171\jre\lib\ext\sunjce_provider.jar;C:\Program Files (x86)\Java\jdk1.8.0_171\jre\lib\ext\sunmscapi.jar;C:\Program Files (x86)\Java\jdk1.8.0_171\jre\lib\ext\sunpkcs11.jar;C:\Program Files (x86)\Java\jdk1.8.0_171\jre\lib\ext\zipfs.jar;C:\Program Files (x86)\Java\jdk1.8.0_171\jre\lib\javaws.jar;C:\Program Files (x86)\Java\jdk1.8.0_171\jre\lib\jce.jar;C:\Program Files (x86)\Java\jdk1.8.0_171\jre\lib\jfr.jar;C:\Program Files (x86)\Java\jdk1.8.0_171\jre\lib\jfxswt.jar;C:\Program Files (x86)\Java\jdk1.8.0_171\jre\lib\jsse.jar;C:\Program Files (x86)\Java\jdk1.8.0_171\jre\lib\management-agent.jar;C:\Program Files (x86)\Java\jdk1.8.0_171\jre\lib\plugin.jar;C:\Program Files (x86)\Java\jdk1.8.0_171\jre\lib\resources.jar;C:\Program Files (x86)\Java\jdk1.8.0_171\jre\lib\rt.jar;D:\Armadillo Game Studios\Development\IdeaProjects\out\production\ProjectBreakingSands;D:\Armadillo Game Studios\Development\IdeaProjects\out\production\RavenEngine2d;D:\Armadillo Game Studios\Development\Java\Steam\steamworks4j-1.7.0.jar;D:\Armadillo Game Studios\Development\Java\Steam\steamworks4j-natives-1.3.1.jar;D:\Armadillo Game Studios\Development\Java\LWJGL 3\lwjgl-natives-macos.jar;D:\Armadillo Game Studios\Development\Java\LWJGL 3\lwjgl-glfw.jar;D:\Armadillo Game Studios\Development\Java\LWJGL 3\
Launcher Type: SUN_STANDARD

Environment Variables:
PATH=C:\Program Files (x86)\Common Files\Oracle\Java\javapath;C:\Windows\system32;C:\Windows;C:\Windows\System32\Wbem;C:\Windows\System32\WindowsPowerShell\v1.0\;C:\Windows\System32\OpenSSH\;C:\Program Files\Git\cmd;C:\Users\Parker\AppData\Local\Microsoft\WindowsApps;
USERNAME=Parker
OS=Windows_NT
PROCESSOR_IDENTIFIER=Intel64 Family 6 Model 158 Stepping 9, GenuineIntel



---------------  S Y S T E M  ---------------

OS: Windows 10.0 , 64 bit Build 17134 (10.0.17134.1)

CPU:total 4 (initial active 4) (4 cores per cpu, 1 threads per core) family 6 model 158 stepping 9, cmov, cx8, fxsr, mmx, sse, sse2, sse3, ssse3, sse4.1, sse4.2, popcnt, avx, avx2, aes, clmul, erms, rtm, 3dnowpref, lzcnt, tsc, tscinvbit, bmi1, bmi2, adx

Memory: 4k page, physical 16741936k(12527032k free), swap 19232304k(13134548k free)

vm_info: Java HotSpot(TM) Client VM (25.171-b11) for windows-x86 JRE (1.8.0_171-b11), built on Mar 28 2018 14:51:22 by "java_re" with MS VC++ 10.0 (VS2010)

time: Fri Jul 06 22:23:15 2018
elapsed time: 0 seconds (0d 0h 0m 0s)

